{"/home/angelina/Documents/VVT/ex3-taxation/src/tax.ts": {"path":"/home/angelina/Documents/VVT/ex3-taxation/src/tax.ts","all":false,"statementMap":{"0":{"start":{"line":1,"column":0},"end":{"line":1,"column":67}},"1":{"start":{"line":2,"column":0},"end":{"line":2,"column":57}},"2":{"start":{"line":3,"column":0},"end":{"line":3,"column":57}},"3":{"start":{"line":4,"column":0},"end":{"line":4,"column":30}},"4":{"start":{"line":5,"column":0},"end":{"line":5,"column":0}},"5":{"start":{"line":6,"column":0},"end":{"line":6,"column":55}},"6":{"start":{"line":7,"column":0},"end":{"line":7,"column":23}},"7":{"start":{"line":8,"column":0},"end":{"line":8,"column":44}},"8":{"start":{"line":9,"column":0},"end":{"line":9,"column":37}},"9":{"start":{"line":10,"column":0},"end":{"line":10,"column":3}},"10":{"start":{"line":11,"column":0},"end":{"line":11,"column":24}},"11":{"start":{"line":12,"column":0},"end":{"line":12,"column":43}},"12":{"start":{"line":13,"column":0},"end":{"line":13,"column":3}},"13":{"start":{"line":14,"column":0},"end":{"line":14,"column":24}},"14":{"start":{"line":15,"column":0},"end":{"line":15,"column":37}},"15":{"start":{"line":16,"column":0},"end":{"line":16,"column":3}},"16":{"start":{"line":17,"column":0},"end":{"line":17,"column":12}},"17":{"start":{"line":18,"column":0},"end":{"line":18,"column":1}}},"s":{"0":1,"1":1,"2":1,"3":1,"4":1,"5":4,"6":4,"7":4,"8":1,"9":1,"10":4,"11":2,"12":2,"13":4,"14":1,"15":1,"16":4,"17":4},"branchMap":{"0":{"type":"branch","line":6,"loc":{"start":{"line":6,"column":0},"end":{"line":18,"column":1}},"locations":[{"start":{"line":6,"column":0},"end":{"line":18,"column":1}}]},"1":{"type":"branch","line":8,"loc":{"start":{"line":8,"column":21},"end":{"line":8,"column":41}},"locations":[{"start":{"line":8,"column":21},"end":{"line":8,"column":41}}]},"2":{"type":"branch","line":8,"loc":{"start":{"line":8,"column":43},"end":{"line":10,"column":3}},"locations":[{"start":{"line":8,"column":43},"end":{"line":10,"column":3}}]},"3":{"type":"branch","line":11,"loc":{"start":{"line":11,"column":23},"end":{"line":13,"column":3}},"locations":[{"start":{"line":11,"column":23},"end":{"line":13,"column":3}}]},"4":{"type":"branch","line":14,"loc":{"start":{"line":14,"column":23},"end":{"line":16,"column":3}},"locations":[{"start":{"line":14,"column":23},"end":{"line":16,"column":3}}]}},"b":{"0":[4],"1":[3],"2":[1],"3":[2],"4":[1]},"fnMap":{"0":{"name":"calculatesIR","decl":{"start":{"line":6,"column":0},"end":{"line":18,"column":1}},"loc":{"start":{"line":6,"column":0},"end":{"line":18,"column":1}},"line":6}},"f":{"0":4}}
}
